<?xml version="1.0" encoding="UTF-8"?>
<!-- Generated by org.testng.reporters.JUnitReportReporter -->
<testsuite hostname="Nesquik" failures="0" tests="2" name="tests.RunCucumberTest" time="117.653" errors="0" timestamp="2023-11-25T23:20:35 ART" skipped="0">
  <testcase classname="tests.RunCucumberTest" name="runScenario" time="66.464"/>
  <testcase classname="tests.RunCucumberTest" name="runScenario" time="51.189"/>
</testsuite> <!-- tests.RunCucumberTest -->
